# JRE version: OpenJDK Runtime Environment GraalVM CE 22.3.0 (17.0.5+8) (build 17.0.5+8-jvmci-22.3-b08)
# Java VM: OpenJDK 64-Bit Server VM GraalVM CE 22.3.0 (17.0.5+8-jvmci-22.3-b08, mixed mode, sharing, tiered, jvmci, jvmci compiler, compressed oops, compressed class ptrs, parallel gc, linux-amd64)
GC Precious Log:
 CPUs: 8 total, 1 available
 Memory: 1024M
 Large Page Support: Disabled
 NUMA Support: Disabled
 Compressed Oops: Enabled (32-bit)
 Alignments: Space 512K, Generation 512K, Heap 2M
 Heap Min Capacity: 100M
 Heap Initial Capacity: 100M
 Heap Max Capacity: 512M
 Pre-touch: Disabled
 Parallel Workers: 1
Heap:
 PSYoungGen      total 49664K, used 31744K [0x00000000f5580000, 0x00000000f9900000, 0x0000000100000000)
  eden space 31744K, 100% used [0x00000000f5580000,0x00000000f7480000,0x00000000f7480000)
  from space 17920K, 0% used [0x00000000f7480000,0x00000000f7480000,0x00000000f8600000)
  to   space 12800K, 0% used [0x00000000f8600000,0x00000000f8600000,0x00000000f9280000)
 ParOldGen       total 349696K, used 349695K [0x00000000e0000000, 0x00000000f5580000, 0x00000000f5580000)
  object space 349696K, 99% used [0x00000000e0000000,0x00000000f557fff0,0x00000000f5580000)
 Metaspace       used 46209K, committed 46912K, reserved 1097728K
  class space    used 4599K, committed 4928K, reserved 1048576K
GC Heap History (20 events):
Event: 667.165 GC heap before
{Heap before GC invocations=377 (full 292):
 PSYoungGen      total 49664K, used 31744K [0x00000000f5580000, 0x00000000f9900000, 0x0000000100000000)
  eden space 31744K, 100% used [0x00000000f5580000,0x00000000f7480000,0x00000000f7480000)
  from space 17920K, 0% used [0x00000000f7480000,0x00000000f7480000,0x00000000f8600000)
  to   space 12800K, 0% used [0x00000000f8600000,0x00000000f8600000,0x00000000f9280000)
 ParOldGen       total 349696K, used 349695K [0x00000000e0000000, 0x00000000f5580000, 0x00000000f5580000)
  object space 349696K, 99% used [0x00000000e0000000,0x00000000f557fff8,0x00000000f5580000)
 Metaspace       used 46209K, committed 46912K, reserved 1097728K
  class space    used 4599K, committed 4928K, reserved 1048576K
}
Event: 668.997 GC heap after
{Heap after GC invocations=377 (full 292):
 PSYoungGen      total 44544K, used 31743K [0x00000000f5580000, 0x00000000f9900000, 0x0000000100000000)
  eden space 31744K, 99% used [0x00000000f5580000,0x00000000f747ffc8,0x00000000f7480000)
  from space 12800K, 0% used [0x00000000f8600000,0x00000000f8600000,0x00000000f9280000)
  to   space 17920K, 0% used [0x00000000f7480000,0x00000000f7480000,0x00000000f8600000)
 ParOldGen       total 349696K, used 349695K [0x00000000e0000000, 0x00000000f5580000, 0x00000000f5580000)
  object space 349696K, 99% used [0x00000000e0000000,0x00000000f557ff80,0x00000000f5580000)
 Metaspace       used 46209K, committed 46912K, reserved 1097728K
  class space    used 4599K, committed 4928K, reserved 1048576K
}
Event: 668.997 GC heap before
{Heap before GC invocations=378 (full 293):
 PSYoungGen      total 44544K, used 31744K [0x00000000f5580000, 0x00000000f9900000, 0x0000000100000000)
  eden space 31744K, 100% used [0x00000000f5580000,0x00000000f7480000,0x00000000f7480000)
  from space 12800K, 0% used [0x00000000f8600000,0x00000000f8600000,0x00000000f9280000)
  to   space 17920K, 0% used [0x00000000f7480000,0x00000000f7480000,0x00000000f8600000)
 ParOldGen       total 349696K, used 349695K [0x00000000e0000000, 0x00000000f5580000, 0x00000000f5580000)
  object space 349696K, 99% used [0x00000000e0000000,0x00000000f557ff80,0x00000000f5580000)
 Metaspace       used 46209K, committed 46912K, reserved 1097728K
  class space    used 4599K, committed 4928K, reserved 1048576K
}
Event: 670.770 GC heap after
{Heap after GC invocations=378 (full 293):
 PSYoungGen      total 49664K, used 31744K [0x00000000f5580000, 0x00000000f9900000, 0x0000000100000000)
  eden space 31744K, 100% used [0x00000000f5580000,0x00000000f7480000,0x00000000f7480000)
  from space 17920K, 0% used [0x00000000f7480000,0x00000000f7480000,0x00000000f8600000)
  to   space 12800K, 0% used [0x00000000f8600000,0x00000000f8600000,0x00000000f9280000)
 ParOldGen       total 349696K, used 349695K [0x00000000e0000000, 0x00000000f5580000, 0x00000000f5580000)
  object space 349696K, 99% used [0x00000000e0000000,0x00000000f557ff80,0x00000000f5580000)
 Metaspace       used 46209K, committed 46912K, reserved 1097728K
  class space    used 4599K, committed 4928K, reserved 1048576K
}
Event: 670.770 GC heap before
{Heap before GC invocations=379 (full 294):
 PSYoungGen      total 49664K, used 31744K [0x00000000f5580000, 0x00000000f9900000, 0x0000000100000000)
  eden space 31744K, 100% used [0x00000000f5580000,0x00000000f7480000,0x00000000f7480000)
  from space 17920K, 0% used [0x00000000f7480000,0x00000000f7480000,0x00000000f8600000)
  to   space 12800K, 0% used [0x00000000f8600000,0x00000000f8600000,0x00000000f9280000)
 ParOldGen       total 349696K, used 349695K [0x00000000e0000000, 0x00000000f5580000, 0x00000000f5580000)
  object space 349696K, 99% used [0x00000000e0000000,0x00000000f557fff8,0x00000000f5580000)
 Metaspace       used 46209K, committed 46912K, reserved 1097728K
  class space    used 4599K, committed 4928K, reserved 1048576K
}
Event: 672.572 GC heap after
{Heap after GC invocations=379 (full 294):
 PSYoungGen      total 44544K, used 31744K [0x00000000f5580000, 0x00000000f9900000, 0x0000000100000000)
  eden space 31744K, 100% used [0x00000000f5580000,0x00000000f7480000,0x00000000f7480000)
  from space 12800K, 0% used [0x00000000f8600000,0x00000000f8600000,0x00000000f9280000)
  to   space 17920K, 0% used [0x00000000f7480000,0x00000000f7480000,0x00000000f8600000)
 ParOldGen       total 349696K, used 349695K [0x00000000e0000000, 0x00000000f5580000, 0x00000000f5580000)
  object space 349696K, 99% used [0x00000000e0000000,0x00000000f557ffd8,0x00000000f5580000)
 Metaspace       used 46209K, committed 46912K, reserved 1097728K
  class space    used 4599K, committed 4928K, reserved 1048576K
}
Event: 672.572 GC heap before
{Heap before GC invocations=380 (full 295):
 PSYoungGen      total 44544K, used 31744K [0x00000000f5580000, 0x00000000f9900000, 0x0000000100000000)
  eden space 31744K, 100% used [0x00000000f5580000,0x00000000f7480000,0x00000000f7480000)
  from space 12800K, 0% used [0x00000000f8600000,0x00000000f8600000,0x00000000f9280000)
  to   space 17920K, 0% used [0x00000000f7480000,0x00000000f7480000,0x00000000f8600000)
 ParOldGen       total 349696K, used 349695K [0x00000000e0000000, 0x00000000f5580000, 0x00000000f5580000)
  object space 349696K, 99% used [0x00000000e0000000,0x00000000f557fff8,0x00000000f5580000)
 Metaspace       used 46209K, committed 46912K, reserved 1097728K
  class space    used 4599K, committed 4928K, reserved 1048576K
}
Event: 674.715 GC heap after
{Heap after GC invocations=380 (full 295):
 PSYoungGen      total 49664K, used 31744K [0x00000000f5580000, 0x00000000f9900000, 0x0000000100000000)
  eden space 31744K, 100% used [0x00000000f5580000,0x00000000f7480000,0x00000000f7480000)
  from space 17920K, 0% used [0x00000000f7480000,0x00000000f7480000,0x00000000f8600000)
  to   space 12800K, 0% used [0x00000000f8600000,0x00000000f8600000,0x00000000f9280000)
 ParOldGen       total 349696K, used 349695K [0x00000000e0000000, 0x00000000f5580000, 0x00000000f5580000)
  object space 349696K, 99% used [0x00000000e0000000,0x00000000f557fff8,0x00000000f5580000)
 Metaspace       used 46209K, committed 46912K, reserved 1097728K
  class space    used 4599K, committed 4928K, reserved 1048576K
}
Event: 674.715 GC heap before
{Heap before GC invocations=381 (full 296):
 PSYoungGen      total 49664K, used 31744K [0x00000000f5580000, 0x00000000f9900000, 0x0000000100000000)
  eden space 31744K, 100% used [0x00000000f5580000,0x00000000f7480000,0x00000000f7480000)
  from space 17920K, 0% used [0x00000000f7480000,0x00000000f7480000,0x00000000f8600000)
  to   space 12800K, 0% used [0x00000000f8600000,0x00000000f8600000,0x00000000f9280000)
 ParOldGen       total 349696K, used 349695K [0x00000000e0000000, 0x00000000f5580000, 0x00000000f5580000)
  object space 349696K, 99% used [0x00000000e0000000,0x00000000f557fff8,0x00000000f5580000)
 Metaspace       used 46209K, committed 46912K, reserved 1097728K
  class space    used 4599K, committed 4928K, reserved 1048576K
}
Event: 676.774 GC heap after
{Heap after GC invocations=381 (full 296):
 PSYoungGen      total 44544K, used 31744K [0x00000000f5580000, 0x00000000f9900000, 0x0000000100000000)
  eden space 31744K, 100% used [0x00000000f5580000,0x00000000f7480000,0x00000000f7480000)
  from space 12800K, 0% used [0x00000000f8600000,0x00000000f8600000,0x00000000f9280000)
  to   space 17920K, 0% used [0x00000000f7480000,0x00000000f7480000,0x00000000f8600000)
 ParOldGen       total 349696K, used 349695K [0x00000000e0000000, 0x00000000f5580000, 0x00000000f5580000)
  object space 349696K, 99% used [0x00000000e0000000,0x00000000f557fff8,0x00000000f5580000)
 Metaspace       used 46209K, committed 46912K, reserved 1097728K
  class space    used 4599K, committed 4928K, reserved 1048576K
}
Event: 676.774 GC heap before
{Heap before GC invocations=382 (full 297):
 PSYoungGen      total 44544K, used 31744K [0x00000000f5580000, 0x00000000f9900000, 0x0000000100000000)
  eden space 31744K, 100% used [0x00000000f5580000,0x00000000f7480000,0x00000000f7480000)
  from space 12800K, 0% used [0x00000000f8600000,0x00000000f8600000,0x00000000f9280000)
  to   space 17920K, 0% used [0x00000000f7480000,0x00000000f7480000,0x00000000f8600000)
 ParOldGen       total 349696K, used 349695K [0x00000000e0000000, 0x00000000f5580000, 0x00000000f5580000)
  object space 349696K, 99% used [0x00000000e0000000,0x00000000f557fff8,0x00000000f5580000)
 Metaspace       used 46209K, committed 46912K, reserved 1097728K
  class space    used 4599K, committed 4928K, reserved 1048576K
}
Event: 678.888 GC heap after
{Heap after GC invocations=382 (full 297):
 PSYoungGen      total 49664K, used 31744K [0x00000000f5580000, 0x00000000f9900000, 0x0000000100000000)
  eden space 31744K, 100% used [0x00000000f5580000,0x00000000f7480000,0x00000000f7480000)
  from space 17920K, 0% used [0x00000000f7480000,0x00000000f7480000,0x00000000f8600000)
  to   space 12800K, 0% used [0x00000000f8600000,0x00000000f8600000,0x00000000f9280000)
 ParOldGen       total 349696K, used 349694K [0x00000000e0000000, 0x00000000f5580000, 0x00000000f5580000)
  object space 349696K, 99% used [0x00000000e0000000,0x00000000f557fa18,0x00000000f5580000)
 Metaspace       used 46209K, committed 46912K, reserved 1097728K
  class space    used 4599K, committed 4928K, reserved 1048576K
}
Event: 678.890 GC heap before
{Heap before GC invocations=383 (full 298):
 PSYoungGen      total 49664K, used 31744K [0x00000000f5580000, 0x00000000f9900000, 0x0000000100000000)
  eden space 31744K, 100% used [0x00000000f5580000,0x00000000f7480000,0x00000000f7480000)
  from space 17920K, 0% used [0x00000000f7480000,0x00000000f7480000,0x00000000f8600000)
  to   space 12800K, 0% used [0x00000000f8600000,0x00000000f8600000,0x00000000f9280000)
 ParOldGen       total 349696K, used 349696K [0x00000000e0000000, 0x00000000f5580000, 0x00000000f5580000)
  object space 349696K, 100% used [0x00000000e0000000,0x00000000f5580000,0x00000000f5580000)
 Metaspace       used 46209K, committed 46912K, reserved 1097728K
  class space    used 4599K, committed 4928K, reserved 1048576K
}
Event: 681.107 GC heap after
{Heap after GC invocations=383 (full 298):
 PSYoungGen      total 44544K, used 31744K [0x00000000f5580000, 0x00000000f9900000, 0x0000000100000000)
  eden space 31744K, 100% used [0x00000000f5580000,0x00000000f7480000,0x00000000f7480000)
  from space 12800K, 0% used [0x00000000f8600000,0x00000000f8600000,0x00000000f9280000)
  to   space 17920K, 0% used [0x00000000f7480000,0x00000000f7480000,0x00000000f8600000)
 ParOldGen       total 349696K, used 349695K [0x00000000e0000000, 0x00000000f5580000, 0x00000000f5580000)
  object space 349696K, 99% used [0x00000000e0000000,0x00000000f557fc98,0x00000000f5580000)
 Metaspace       used 46209K, committed 46912K, reserved 1097728K
  class space    used 4599K, committed 4928K, reserved 1048576K
}
Event: 681.112 GC heap before
{Heap before GC invocations=384 (full 299):
 PSYoungGen      total 44544K, used 31744K [0x00000000f5580000, 0x00000000f9900000, 0x0000000100000000)
  eden space 31744K, 100% used [0x00000000f5580000,0x00000000f7480000,0x00000000f7480000)
  from space 12800K, 0% used [0x00000000f8600000,0x00000000f8600000,0x00000000f9280000)
  to   space 17920K, 0% used [0x00000000f7480000,0x00000000f7480000,0x00000000f8600000)
 ParOldGen       total 349696K, used 349695K [0x00000000e0000000, 0x00000000f5580000, 0x00000000f5580000)
  object space 349696K, 99% used [0x00000000e0000000,0x00000000f557fd68,0x00000000f5580000)
 Metaspace       used 46209K, committed 46912K, reserved 1097728K
  class space    used 4599K, committed 4928K, reserved 1048576K
}
Event: 683.262 GC heap after
{Heap after GC invocations=384 (full 299):
 PSYoungGen      total 49664K, used 31744K [0x00000000f5580000, 0x00000000f9900000, 0x0000000100000000)
  eden space 31744K, 100% used [0x00000000f5580000,0x00000000f7480000,0x00000000f7480000)
  from space 17920K, 0% used [0x00000000f7480000,0x00000000f7480000,0x00000000f8600000)
  to   space 12800K, 0% used [0x00000000f8600000,0x00000000f8600000,0x00000000f9280000)
 ParOldGen       total 349696K, used 349695K [0x00000000e0000000, 0x00000000f5580000, 0x00000000f5580000)
  object space 349696K, 99% used [0x00000000e0000000,0x00000000f557fc98,0x00000000f5580000)
 Metaspace       used 46209K, committed 46912K, reserved 1097728K
  class space    used 4599K, committed 4928K, reserved 1048576K
}
Event: 683.264 GC heap before
{Heap before GC invocations=385 (full 300):
 PSYoungGen      total 49664K, used 31744K [0x00000000f5580000, 0x00000000f9900000, 0x0000000100000000)
  eden space 31744K, 100% used [0x00000000f5580000,0x00000000f7480000,0x00000000f7480000)
  from space 17920K, 0% used [0x00000000f7480000,0x00000000f7480000,0x00000000f8600000)
  to   space 12800K, 0% used [0x00000000f8600000,0x00000000f8600000,0x00000000f9280000)
 ParOldGen       total 349696K, used 349695K [0x00000000e0000000, 0x00000000f5580000, 0x00000000f5580000)
  object space 349696K, 99% used [0x00000000e0000000,0x00000000f557fdc0,0x00000000f5580000)
 Metaspace       used 46209K, committed 46912K, reserved 1097728K
  class space    used 4599K, committed 4928K, reserved 1048576K
}
Event: 685.388 GC heap after
{Heap after GC invocations=385 (full 300):
 PSYoungGen      total 44544K, used 31744K [0x00000000f5580000, 0x00000000f9900000, 0x0000000100000000)
  eden space 31744K, 100% used [0x00000000f5580000,0x00000000f7480000,0x00000000f7480000)
  from space 12800K, 0% used [0x00000000f8600000,0x00000000f8600000,0x00000000f9280000)
  to   space 17920K, 0% used [0x00000000f7480000,0x00000000f7480000,0x00000000f8600000)
 ParOldGen       total 349696K, used 349695K [0x00000000e0000000, 0x00000000f5580000, 0x00000000f5580000)
  object space 349696K, 99% used [0x00000000e0000000,0x00000000f557fcb0,0x00000000f5580000)
 Metaspace       used 46209K, committed 46912K, reserved 1097728K
  class space    used 4599K, committed 4928K, reserved 1048576K
}
Event: 685.388 GC heap before
{Heap before GC invocations=386 (full 301):
 PSYoungGen      total 44544K, used 31744K [0x00000000f5580000, 0x00000000f9900000, 0x0000000100000000)
  eden space 31744K, 100% used [0x00000000f5580000,0x00000000f7480000,0x00000000f7480000)
  from space 12800K, 0% used [0x00000000f8600000,0x00000000f8600000,0x00000000f9280000)
  to   space 17920K, 0% used [0x00000000f7480000,0x00000000f7480000,0x00000000f8600000)
 ParOldGen       total 349696K, used 349695K [0x00000000e0000000, 0x00000000f5580000, 0x00000000f5580000)
  object space 349696K, 99% used [0x00000000e0000000,0x00000000f557fcb0,0x00000000f5580000)
 Metaspace       used 46209K, committed 46912K, reserved 1097728K
  class space    used 4599K, committed 4928K, reserved 1048576K
}
Event: 687.398 GC heap after
{Heap after GC invocations=386 (full 301):
 PSYoungGen      total 49664K, used 31744K [0x00000000f5580000, 0x00000000f9900000, 0x0000000100000000)
  eden space 31744K, 100% used [0x00000000f5580000,0x00000000f7480000,0x00000000f7480000)
  from space 17920K, 0% used [0x00000000f7480000,0x00000000f7480000,0x00000000f8600000)
  to   space 12800K, 0% used [0x00000000f8600000,0x00000000f8600000,0x00000000f9280000)
 ParOldGen       total 349696K, used 349695K [0x00000000e0000000, 0x00000000f5580000, 0x00000000f5580000)
  object space 349696K, 99% used [0x00000000e0000000,0x00000000f557fcb0,0x00000000f5580000)
 Metaspace       used 46209K, committed 46912K, reserved 1097728K
  class space    used 4599K, committed 4928K, reserved 1048576K
}

